
> syllascan-website@0.1.0 build
> next build

info  - Loaded env from /Users/roy/Developer/syllaScan/apps/website/.env.local
info  - Linting and checking validity of types...
error - ESLint: ESLint configuration in .eslintrc.json is invalid: 	- Unexpected top-level property "eslint.workingDirectories". 
info  - Creating an optimized production build...

[35mðŸŒ¼ daisyUI components 2.47.0[0m [0m https://daisyui.com
  [32mâœ”ï¸Ž Including:[0m [0m base, components, 1 themes, utilities
  [32mâ¤ï¸Ž Support daisyUI: [0m https://opencollective.com/daisyui [0m
  
info  - Compiled successfully
info  - Collecting page data...
prisma:error 
Invalid `prisma.syllabi.findMany()` invocation:


Can't reach database server at `db.shodhbtrjfucaphdwqbt.supabase.co`:`6543`

Please make sure your database server is running at `db.shodhbtrjfucaphdwqbt.supabase.co`:`6543`.
PrismaClientInitializationError: 
Invalid `prisma.syllabi.findMany()` invocation:


Can't reach database server at `db.shodhbtrjfucaphdwqbt.supabase.co`:`6543`

Please make sure your database server is running at `db.shodhbtrjfucaphdwqbt.supabase.co`:`6543`.
    at Kr.handleRequestError (/Users/roy/Developer/syllaScan/node_modules/@prisma/client/runtime/library.js:163:19773)
    at Kr.handleAndLogRequestError (/Users/roy/Developer/syllaScan/node_modules/@prisma/client/runtime/library.js:163:19031)
    at /Users/roy/Developer/syllaScan/node_modules/@prisma/client/runtime/library.js:173:282
    at async /Users/roy/Developer/syllaScan/node_modules/@prisma/client/runtime/library.js:173:397
    at async t._executeRequest (/Users/roy/Developer/syllaScan/node_modules/@prisma/client/runtime/library.js:173:9985)
    at async t._request (/Users/roy/Developer/syllaScan/node_modules/@prisma/client/runtime/library.js:173:9714)
    at async getStaticPaths (/Users/roy/Developer/syllaScan/apps/website/.next/server/pages/Syllabus/[id].js:62:20)
    at async buildStaticPaths (/Users/roy/Developer/syllaScan/apps/website/node_modules/next/dist/build/utils.js:598:33)
    at async /Users/roy/Developer/syllaScan/apps/website/node_modules/next/dist/build/utils.js:930:115
    at async Span.traceAsyncFn (/Users/roy/Developer/syllaScan/apps/website/node_modules/next/dist/trace/trace.js:79:20) {
  clientVersion: '4.10.1',
  errorCode: undefined
}

> Build error occurred
Error: Failed to collect page data for /Syllabus/[id]
    at /Users/roy/Developer/syllaScan/apps/website/node_modules/next/dist/build/utils.js:960:15 {
  type: 'Error'
}
npm ERR! Lifecycle script `build` failed with error: 
npm ERR! Error: command failed 
npm ERR!   in workspace: syllascan-website@0.1.0 
npm ERR!   at location: /Users/roy/Developer/syllaScan/apps/website 
